[2020-08-06T20:38:51.358] [DEBUG] cheese - login => username:admin,password:123456
[2020-08-06T20:38:51.360] [DEBUG] cheese - admin
[2020-08-06T20:38:51.387] [DEBUG] cheese - null
[2020-08-06T20:38:51.387] [DEBUG] cheese - null
[2020-08-06T20:38:59.180] [DEBUG] cheese - login => username:admin,password:123456
[2020-08-06T20:38:59.180] [DEBUG] cheese - admin
[2020-08-06T20:38:59.184] [DEBUG] cheese - null
[2020-08-06T20:38:59.184] [DEBUG] cheese - null
[2020-08-06T20:39:12.626] [DEBUG] cheese - login => username:admin,password:1234567
[2020-08-06T20:39:12.626] [DEBUG] cheese - admin
[2020-08-06T20:39:12.630] [DEBUG] cheese - null
[2020-08-06T20:39:12.630] [DEBUG] cheese - null
[2020-08-06T20:39:17.278] [DEBUG] cheese - login => username:admin,password:123456
[2020-08-06T20:39:17.279] [DEBUG] cheese - admin
[2020-08-06T20:39:17.282] [DEBUG] cheese - null
[2020-08-06T20:39:17.282] [DEBUG] cheese - null
[2020-08-06T20:41:48.474] [DEBUG] cheese - login => username:admin,password:123456
[2020-08-06T20:41:48.475] [DEBUG] cheese - admin
[2020-08-06T20:41:48.482] [DEBUG] cheese - null
[2020-08-06T20:41:48.482] [DEBUG] cheese - null
[2020-08-06T20:49:59.503] [DEBUG] cheese - login => username:admin,password:123456
[2020-08-06T20:49:59.505] [DEBUG] cheese - admin
[2020-08-06T20:49:59.519] [DEBUG] cheese - null
[2020-08-06T20:49:59.520] [DEBUG] cheese - null
[2020-08-06T20:52:42.852] [DEBUG] cheese - login => username:admin,password:1234563
[2020-08-06T20:52:42.852] [DEBUG] cheese - admin
[2020-08-06T20:52:42.857] [DEBUG] cheese - null
[2020-08-06T20:52:42.857] [DEBUG] cheese - null
[2020-08-06T20:52:48.360] [DEBUG] cheese - login => username:admin,password:123456
[2020-08-06T20:52:48.360] [DEBUG] cheese - admin
[2020-08-06T20:52:48.363] [DEBUG] cheese - null
[2020-08-06T20:52:48.363] [DEBUG] cheese - null
[2020-08-06T20:53:53.635] [DEBUG] cheese - login => username:admin,password:123456
[2020-08-06T20:53:53.635] [DEBUG] cheese - admin
[2020-08-06T20:53:53.639] [DEBUG] cheese - null
[2020-08-06T20:53:53.639] [DEBUG] cheese - null
[2020-08-10T08:12:55.012] [DEBUG] cheese - login => username:admin,password:123456
[2020-08-10T08:12:55.014] [DEBUG] cheese - admin
[2020-08-10T08:12:55.051] [DEBUG] cheese - null
[2020-08-10T08:12:55.052] [DEBUG] cheese - null
[2020-08-10T09:18:45.497] [DEBUG] cheese - login => username:11212,password:121212
[2020-08-10T09:18:45.499] [DEBUG] cheese - 11212
[2020-08-10T09:18:45.515] [DEBUG] cheese - null
[2020-08-10T09:18:45.516] [DEBUG] cheese - null
[2020-08-10T09:18:59.197] [DEBUG] cheese - login => username:admin,password:123456
[2020-08-10T09:18:59.197] [DEBUG] cheese - admin
[2020-08-10T09:18:59.202] [DEBUG] cheese - null
[2020-08-10T09:18:59.202] [DEBUG] cheese - null
[2020-08-16T22:49:06.381] [DEBUG] cheese - login => username:admin,password:111111
[2020-08-16T22:49:06.382] [DEBUG] cheese - admin
[2020-08-16T22:49:06.415] [DEBUG] cheese - null
[2020-08-16T22:49:06.416] [DEBUG] cheese - null
[2020-08-16T22:49:10.387] [DEBUG] cheese - login => username:admin,password:111111
[2020-08-16T22:49:10.387] [DEBUG] cheese - admin
[2020-08-16T22:49:10.391] [DEBUG] cheese - null
[2020-08-16T22:49:10.391] [DEBUG] cheese - null
[2020-08-16T22:49:11.832] [DEBUG] cheese - login => username:admin,password:111111
[2020-08-16T22:49:11.832] [DEBUG] cheese - admin
[2020-08-16T22:49:11.835] [DEBUG] cheese - null
[2020-08-16T22:49:11.835] [DEBUG] cheese - null
[2020-08-16T22:49:12.387] [DEBUG] cheese - login => username:admin,password:111111
[2020-08-16T22:49:12.387] [DEBUG] cheese - admin
[2020-08-16T22:49:12.391] [DEBUG] cheese - null
[2020-08-16T22:49:12.391] [DEBUG] cheese - null
[2020-08-16T22:49:12.634] [DEBUG] cheese - login => username:admin,password:111111
[2020-08-16T22:49:12.635] [DEBUG] cheese - admin
[2020-08-16T22:49:12.637] [DEBUG] cheese - null
[2020-08-16T22:49:12.637] [DEBUG] cheese - null
[2020-08-16T22:49:12.845] [DEBUG] cheese - login => username:admin,password:111111
[2020-08-16T22:49:12.845] [DEBUG] cheese - admin
[2020-08-16T22:49:12.847] [DEBUG] cheese - null
[2020-08-16T22:49:12.847] [DEBUG] cheese - null
[2020-08-16T22:49:13.028] [DEBUG] cheese - login => username:admin,password:111111
[2020-08-16T22:49:13.029] [DEBUG] cheese - admin
[2020-08-16T22:49:13.032] [DEBUG] cheese - null
[2020-08-16T22:49:13.032] [DEBUG] cheese - null
[2020-08-16T22:49:13.194] [DEBUG] cheese - login => username:admin,password:111111
[2020-08-16T22:49:13.194] [DEBUG] cheese - admin
[2020-08-16T22:49:13.197] [DEBUG] cheese - null
[2020-08-16T22:49:13.197] [DEBUG] cheese - null
[2020-08-16T22:49:13.362] [DEBUG] cheese - login => username:admin,password:111111
[2020-08-16T22:49:13.362] [DEBUG] cheese - admin
[2020-08-16T22:49:13.365] [DEBUG] cheese - null
[2020-08-16T22:49:13.366] [DEBUG] cheese - null
[2020-08-16T22:49:13.530] [DEBUG] cheese - login => username:admin,password:111111
[2020-08-16T22:49:13.530] [DEBUG] cheese - admin
[2020-08-16T22:49:13.532] [DEBUG] cheese - null
[2020-08-16T22:49:13.532] [DEBUG] cheese - null
[2020-08-16T22:49:27.679] [DEBUG] cheese - login => username:admin,password:123456
[2020-08-16T22:49:27.679] [DEBUG] cheese - admin
[2020-08-16T22:49:27.682] [DEBUG] cheese - null
[2020-08-16T22:49:27.682] [DEBUG] cheese - null
[2020-08-16T23:29:31.899] [DEBUG] cheese - login => username:admin,password:123456
[2020-08-16T23:29:31.901] [DEBUG] cheese - admin
[2020-08-16T23:29:31.916] [DEBUG] cheese - null
[2020-08-16T23:29:31.917] [DEBUG] cheese - null
[2020-08-16T23:31:02.273] [DEBUG] cheese - login => username:xiaobai,password:123456
[2020-08-16T23:31:02.273] [DEBUG] cheese - xiaobai
[2020-08-16T23:31:02.276] [DEBUG] cheese - null
[2020-08-16T23:31:02.276] [DEBUG] cheese - null
[2020-08-16T23:31:08.236] [DEBUG] cheese - login => username:xiaobai,password:123456
[2020-08-16T23:31:08.236] [DEBUG] cheese - xiaobai
[2020-08-16T23:31:08.240] [DEBUG] cheese - null
[2020-08-16T23:31:08.240] [DEBUG] cheese - null
[2020-08-16T23:31:18.578] [DEBUG] cheese - login => username:admin,password:123456
[2020-08-16T23:31:18.579] [DEBUG] cheese - admin
[2020-08-16T23:31:18.582] [DEBUG] cheese - null
[2020-08-16T23:31:18.582] [DEBUG] cheese - null
[2020-08-16T23:46:55.584] [DEBUG] cheese - login => username:admin,password:123456
[2020-08-16T23:46:55.586] [DEBUG] cheese - admin
[2020-08-16T23:46:55.597] [DEBUG] cheese - null
[2020-08-16T23:46:55.598] [DEBUG] cheese - null
[2020-08-17T00:16:03.754] [DEBUG] cheese - login => username:admin,password:1234565
[2020-08-17T00:16:03.754] [DEBUG] cheese - admin
[2020-08-17T00:16:03.761] [DEBUG] cheese - null
[2020-08-17T00:16:03.761] [DEBUG] cheese - null
[2020-08-17T00:16:11.105] [DEBUG] cheese - login => username:admin,password:123456
[2020-08-17T00:16:11.105] [DEBUG] cheese - admin
[2020-08-17T00:16:11.107] [DEBUG] cheese - null
[2020-08-17T00:16:11.108] [DEBUG] cheese - null
[2020-08-17T00:28:47.298] [DEBUG] cheese - login => username:xiaobai,password:123456
[2020-08-17T00:28:47.298] [DEBUG] cheese - xiaobai
[2020-08-17T00:28:47.304] [DEBUG] cheese - null
[2020-08-17T00:28:47.304] [DEBUG] cheese - null
[2020-08-17T00:32:39.827] [DEBUG] cheese - login => username:xiaobai,password:123456
[2020-08-17T00:32:39.827] [DEBUG] cheese - xiaobai
[2020-08-17T00:32:39.846] [DEBUG] cheese - null
[2020-08-17T00:32:39.846] [DEBUG] cheese - null
[2020-08-17T00:35:20.179] [DEBUG] cheese - login => username:admin,password:123456
[2020-08-17T00:35:20.180] [DEBUG] cheese - admin
[2020-08-17T00:35:20.202] [DEBUG] cheese - null
[2020-08-17T00:35:20.203] [DEBUG] cheese - null
[2020-08-17T00:35:47.494] [DEBUG] cheese - login => username:xiaobai,password:123456
[2020-08-17T00:35:47.494] [DEBUG] cheese - xiaobai
[2020-08-17T00:35:47.498] [DEBUG] cheese - null
[2020-08-17T00:35:47.498] [DEBUG] cheese - null
[2020-08-17T00:35:51.818] [DEBUG] cheese - login => username:xiaobai,password:1234567
[2020-08-17T00:35:51.818] [DEBUG] cheese - xiaobai
[2020-08-17T00:35:51.822] [DEBUG] cheese - null
[2020-08-17T00:35:51.822] [DEBUG] cheese - null
[2020-08-17T00:36:17.852] [DEBUG] cheese - login => username:xiaobai,password:123456
[2020-08-17T00:36:17.852] [DEBUG] cheese - xiaobai
[2020-08-17T00:36:17.854] [DEBUG] cheese - null
[2020-08-17T00:36:17.855] [DEBUG] cheese - null
[2020-08-17T00:36:19.513] [DEBUG] cheese - login => username:xiaobai,password:123456
[2020-08-17T00:36:19.513] [DEBUG] cheese - xiaobai
[2020-08-17T00:36:19.516] [DEBUG] cheese - null
[2020-08-17T00:36:19.516] [DEBUG] cheese - null
[2020-08-17T00:36:34.329] [DEBUG] cheese - login => username:admin,password:123456
[2020-08-17T00:36:34.329] [DEBUG] cheese - admin
[2020-08-17T00:36:34.332] [DEBUG] cheese - null
[2020-08-17T00:36:34.332] [DEBUG] cheese - null
